#
# There is insufficient memory for the Java Runtime Environment to continue.
# Native memory allocation (malloc) failed to allocate 32744 bytes for ChunkPool::allocate
# Possible reasons:
#   The system is out of physical RAM or swap space
#   In 32 bit mode, the process size limit was hit
# Possible solutions:
#   Reduce memory load on the system
#   Increase physical memory or swap space
#   Check if swap backing store is full
#   Use 64 bit Java on a 64 bit OS
#   Decrease Java heap size (-Xmx/-Xms)
#   Decrease number of Java threads
#   Decrease Java thread stack sizes (-Xss)
#   Set larger code cache with -XX:ReservedCodeCacheSize=
# This output file may be truncated or incomplete.
#
#  Out of Memory Error (allocation.cpp:273), pid=8584, tid=1740
#
# JRE version: Java(TM) SE Runtime Environment (8.0_60-b27) (build 1.8.0_60-b27)
# Java VM: Java HotSpot(TM) 64-Bit Server VM (25.60-b23 mixed mode windows-amd64 compressed oops)
# Failed to write core dump. Minidumps are not enabled by default on client versions of Windows
#

---------------  T H R E A D  ---------------

Current thread (0x0000000013c58800):  JavaThread "C2 CompilerThread0" daemon [_thread_in_native, id=1740, stack(0x0000000014c80000,0x0000000014d80000)]

Stack: [0x0000000014c80000,0x0000000014d80000]
[error occurred during error reporting (printing stack bounds), id 0xc0000005]

Native frames: (J=compiled Java code, j=interpreted, Vv=VM code, C=native code)


Current CompileTask:
C2:  11272  154       4       Base::generateGameTree (537 bytes)


---------------  P R O C E S S  ---------------

Java Threads: ( => current thread )
  0x0000000013cba000 JavaThread "Service Thread" daemon [_thread_blocked, id=7688, stack(0x0000000014e80000,0x0000000014f80000)]
  0x0000000013cb2800 JavaThread "C1 CompilerThread1" daemon [_thread_blocked, id=5568, stack(0x0000000014d80000,0x0000000014e80000)]
=>0x0000000013c58800 JavaThread "C2 CompilerThread0" daemon [_thread_in_native, id=1740, stack(0x0000000014c80000,0x0000000014d80000)]
  0x0000000013c57800 JavaThread "Attach Listener" daemon [_thread_blocked, id=2344, stack(0x0000000014b80000,0x0000000014c80000)]
  0x0000000002bed800 JavaThread "Signal Dispatcher" daemon [_thread_blocked, id=4564, stack(0x0000000014a80000,0x0000000014b80000)]
  0x0000000002be2800 JavaThread "Finalizer" daemon [_thread_blocked, id=7656, stack(0x00000000148a0000,0x00000000149a0000)]
  0x0000000002bdb000 JavaThread "Reference Handler" daemon [_thread_blocked, id=3412, stack(0x00000000147a0000,0x00000000148a0000)]
  0x0000000002af0800 JavaThread "main" [_thread_in_native, id=6808, stack(0x00000000029b0000,0x0000000002ab0000)]

Other Threads:
  0x0000000013c27000 VMThread [stack: 0x00000000146a0000,0x00000000147a0000] [id=5808]
  0x0000000013cce800 WatcherThread [stack: 0x0000000014f80000,0x0000000015080000] [id=3332]

VM state:not at safepoint (normal execution)

VM Mutex/Monitor currently owned by a thread: None

Heap:
 PSYoungGen      total 9728K, used 2627K [0x00000000f5d00000, 0x00000000f6780000, 0x0000000100000000)
  eden space 8704K, 30% used [0x00000000f5d00000,0x00000000f5f90ff0,0x00000000f6580000)
  from space 1024K, 0% used [0x00000000f6680000,0x00000000f6680000,0x00000000f6780000)
  to   space 1024K, 0% used [0x00000000f6580000,0x00000000f6580000,0x00000000f6680000)
 ParOldGen       total 22016K, used 0K [0x00000000e1600000, 0x00000000e2b80000, 0x00000000f5d00000)
  object space 22016K, 0% used [0x00000000e1600000,0x00000000e1600000,0x00000000e2b80000)
 Metaspace       used 3360K, capacity 4498K, committed 4864K, reserved 1056768K
  class space    used 384K, capacity 386K, committed 512K, reserved 1048576K

Card table byte_map: [0x0000000011fb0000,0x00000000120b0000] byte_map_base: 0x00000000118a5000

Marking Bits: (ParMarkBitMap*) 0x00000000765ba5b0
 Begin Bits: [0x00000000122b0000, 0x0000000012a58000)
 End Bits:   [0x0000000012a58000, 0x0000000013200000)

Polling page: 0x0000000000dc0000

CodeCache: size=245760Kb used=1476Kb max_used=1476Kb free=244284Kb
 bounds [0x0000000002bf0000, 0x0000000002e60000, 0x0000000011bf0000]
 total_blobs=411 nmethods=160 adapters=165
 compilation: enabled

Compilation events (10 events):
Event: 8.668 Thread 0x0000000013cb2800  157       3       java.lang.String::startsWith (7 bytes)
Event: 8.668 Thread 0x0000000013cb2800 nmethod 157 0x0000000002d57b10 code [0x0000000002d57c80, 0x0000000002d57e88]
Event: 8.668 Thread 0x0000000013cb2800  158       3       java.util.regex.Pattern$TreeInfo::reset (21 bytes)
Event: 8.669 Thread 0x0000000013cb2800 nmethod 158 0x0000000002d57750 code [0x0000000002d578a0, 0x0000000002d57a10]
Event: 10.921 Thread 0x0000000013cb2800  160       3       java.util.regex.Pattern::closure (477 bytes)
Event: 10.932 Thread 0x0000000013cb2800 nmethod 160 0x0000000002d5c390 code [0x0000000002d5c9e0, 0x0000000002d607a8]
Event: 10.932 Thread 0x0000000013cb2800  161       3       java.lang.Math::max (11 bytes)
Event: 10.933 Thread 0x0000000013cb2800 nmethod 161 0x0000000002d5b5d0 code [0x0000000002d5b720, 0x0000000002d5b8b0]
Event: 10.933 Thread 0x0000000013cb2800  162       3       java.util.regex.Pattern$Node::study (21 bytes)
Event: 10.933 Thread 0x0000000013cb2800 nmethod 162 0x0000000002d5b110 code [0x0000000002d5b280, 0x0000000002d5b4e8]

GC Heap History (0 events):
No events

Deoptimization events (3 events):
Event: 3.107 Thread 0x0000000002af0800 Uncommon trap: reason=unstable_if action=reinterpret pc=0x0000000002d34e38 method=Base.checkDiagonal([[SIII)Z @ 63
Event: 8.483 Thread 0x0000000002af0800 Uncommon trap: reason=unstable_if action=reinterpret pc=0x0000000002d4eb14 method=Base.checkDiagonal([[SIII)Z @ 85
Event: 8.498 Thread 0x0000000002af0800 Uncommon trap: reason=unstable_if action=reinterpret pc=0x0000000002d310c8 method=Base.checkVertical([[SIII)Z @ 44

Internal exceptions (6 events):
Event: 0.175 Thread 0x0000000002af0800 Exception <a 'java/lang/NoSuchMethodError': Method sun.misc.Unsafe.defineClass(Ljava/lang/String;[BII)Ljava/lang/Class; name or signature does not match> (0x00000000f5d0d440) thrown at [C:\re\workspace\8-2-build-windows-amd64-cygwin\jdk8u60\4407\hotspot\sr«æâk†dÆ?
Event: 0.175 Thread 0x0000000002af0800 Exception <a 'java/lang/NoSuchMethodError': Method sun.misc.Unsafe.prefetchRead(Ljava/lang/Object;J)V name or signature does not match> (0x00000000f5d0d728) thrown at [C:\re\workspace\8-2-build-windows-amd64-cygwin\jdk8u60\4407\hotspot\src\share\vm\prims\j*Õâ5Ú?
Event: 0.410 Thread 0x0000000002af0800 Exception <a 'java/security/PrivilegedActionException'> (0x00000000f5de8f00) thrown at [C:\re\workspace\8-2-build-windows-amd64-cygwin\jdk8u60\4407\hotspot\src\share\vm\prims\jvm.cpp, line 1386]
Event: 0.410 Thread 0x0000000002af0800 Exception <a 'java/security/PrivilegedActionException'> (0x00000000f5de92f8) thrown at [C:\re\workspace\8-2-build-windows-amd64-cygwin\jdk8u60\4407\hotspot\src\share\vm\prims\jvm.cpp, line 1386]
Event: 0.415 Thread 0x0000000002af0800 Exception <a 'java/security/PrivilegedActionException'> (0x00000000f5ded088) thrown at [C:\re\workspace\8-2-build-windows-amd64-cygwin\jdk8u60\4407\hotspot\src\share\vm\prims\jvm.cpp, line 1386]
Event: 0.415 Thread 0x0000000002af0800 Exception <a 'java/security/PrivilegedActionException'> (0x00000000f5ded480) thrown at [C:\re\workspace\8-2-build-windows-amd64-cygwin\jdk8u60\4407\hotspot\src\share\vm\prims\jvm.cpp, line 1386]

Events (10 events):
Event: 3.318 loading class java/util/concurrent/atomic/AtomicLong
Event: 3.318 loading class java/util/concurrent/atomic/AtomicLong done
Event: 4.380 Executing VM operation: EnableBiasedLocking
Event: 4.380 Executing VM operation: EnableBiasedLocking done
Event: 8.483 Thread 0x0000000002af0800 Uncommon trap: trap_request=0xffffff65 fr.pc=0x0000000002d4eb14
Event: 8.483 Thread 0x0000000002af0800 DEOPT PACKING pc=0x0000000002d4eb14 sp=0x0000000002aaf070
Event: 8.483 Thread 0x0000000002af0800 DEOPT UNPACKING pc=0x0000000002c3582a sp=0x0000000002aaf008 mode 2
Event: 8.498 Thread 0x0000000002af0800 Uncommon trap: trap_request=0xffffff65 fr.pc=0x0000000002d310c8
Event: 8.498 Thread 0x0000000002af0800 DEOPT PACKING pc=0x0000000002d310c8 sp=0x0000000002aaf080
Event: 8.498 Thread 0x0000000002af0800 DEOPT UNPACKING pc=0x0000000002c3582a sp=0x0000000002aaf000 mode 2


Dynamic libraries:
0x00007ff6508c0000 - 0x00007ff6508f7000 	C:\Program Files\Java\jre1.8.0_60\bin\javaw.exe
0x00007ffe658d0000 - 0x00007ffe65a92000 	C:\Windows\SYSTEM32\ntdll.dll
0x00007ffe63030000 - 0x00007ffe630dd000 	C:\Windows\system32\KERNEL32.DLL
0x00007ffe62bb0000 - 0x00007ffe62d8d000 	C:\Windows\system32\KERNELBASE.dll
0x00007ffe63cb0000 - 0x00007ffe63d56000 	C:\Windows\system32\ADVAPI32.dll
0x00007ffe654c0000 - 0x00007ffe6555d000 	C:\Windows\system32\msvcrt.dll
0x00007ffe630e0000 - 0x00007ffe6313b000 	C:\Windows\system32\sechost.dll
0x00007ffe65390000 - 0x00007ffe654b6000 	C:\Windows\system32\RPCRT4.dll
0x00007ffe65560000 - 0x00007ffe656ae000 	C:\Windows\system32\USER32.dll
0x00007ffe63260000 - 0x00007ffe633e6000 	C:\Windows\system32\GDI32.dll
0x00007ffe5ade0000 - 0x00007ffe5b054000 	C:\Windows\WinSxS\amd64_microsoft.windows.common-controls_6595b64144ccf1df_6.0.10240.16384_none_f41f7b285750ef43\COMCTL32.dll
0x00007ffe63220000 - 0x00007ffe63256000 	C:\Windows\system32\IMM32.DLL
0x00007ffe638c0000 - 0x00007ffe63a1c000 	C:\Windows\system32\MSCTF.dll
0x0000000077600000 - 0x00000000776d2000 	C:\Program Files\Java\jre1.8.0_60\bin\msvcr100.dll
0x0000000075db0000 - 0x0000000076639000 	C:\Program Files\Java\jre1.8.0_60\bin\server\jvm.dll
0x00007ffe65860000 - 0x00007ffe65868000 	C:\Windows\system32\PSAPI.DLL
0x00007ffe57780000 - 0x00007ffe57789000 	C:\Windows\SYSTEM32\WSOCK32.dll
0x00007ffe63820000 - 0x00007ffe63889000 	C:\Windows\system32\WS2_32.dll
0x00007ffe63ad0000 - 0x00007ffe63ad8000 	C:\Windows\system32\NSI.dll
0x00007ffe60020000 - 0x00007ffe60043000 	C:\Windows\SYSTEM32\WINMM.dll
0x00007ffe608c0000 - 0x00007ffe608ca000 	C:\Windows\SYSTEM32\VERSION.dll
0x00007ffe5ffc0000 - 0x00007ffe5ffec000 	C:\Windows\SYSTEM32\WINMMBASE.dll
0x00007ffe62b60000 - 0x00007ffe62ba4000 	C:\Windows\system32\cfgmgr32.dll
0x00007ffe61d60000 - 0x00007ffe61d87000 	C:\Windows\SYSTEM32\DEVOBJ.dll
0x0000000077e20000 - 0x0000000077e2f000 	C:\Program Files\Java\jre1.8.0_60\bin\verify.dll
0x0000000077770000 - 0x0000000077799000 	C:\Program Files\Java\jre1.8.0_60\bin\java.dll
0x0000000077750000 - 0x0000000077766000 	C:\Program Files\Java\jre1.8.0_60\bin\zip.dll
0x00007ffe63d60000 - 0x00007ffe652c8000 	C:\Windows\system32\SHELL32.dll
0x00007ffe62360000 - 0x00007ffe62988000 	C:\Windows\system32\windows.storage.dll
0x00007ffe635a0000 - 0x00007ffe6381c000 	C:\Windows\system32\combase.dll
0x00007ffe65870000 - 0x00007ffe658c1000 	C:\Windows\system32\shlwapi.dll
0x00007ffe62300000 - 0x00007ffe6230f000 	C:\Windows\system32\kernel.appcore.dll
0x00007ffe62aa0000 - 0x00007ffe62b53000 	C:\Windows\system32\shcore.dll
0x00007ffe62310000 - 0x00007ffe6235a000 	C:\Windows\system32\powrprof.dll
0x00007ffe622c0000 - 0x00007ffe622d3000 	C:\Windows\system32\profapi.dll
0x00007ffe652d0000 - 0x00007ffe6538e000 	C:\Windows\system32\OLEAUT32.dll

VM Arguments:
jvm_args: -Dfile.encoding=Cp1252 
java_command: Base
java_class_path (initial): C:\Users\Kweku Emuze\workspace\AI Project - Connect4\bin
Launcher Type: SUN_STANDARD

Environment Variables:
PATH=C:/Program Files/Java/jre1.8.0_60/bin/server;C:/Program Files/Java/jre1.8.0_60/bin;C:/Program Files/Java/jre1.8.0_60/lib/amd64;C:\ProgramData\Oracle\Java\javapath;C:\Program Files (x86)\Intel\TXE Components\TCS\;C:\Program Files\Intel\TXE Components\TCS\;C:\Windows\system32;C:\Windows;C:\Windows\System32\Wbem;C:\Windows\System32\WindowsPowerShell\v1.0\;C:\Program Files\Intel\TXE Components\DAL\;C:\Program Files (x86)\Intel\TXE Components\DAL\;C:\Program Files\Intel\TXE Components\IPT\;C:\Program Files (x86)\Intel\TXE Components\IPT\;C:\Program Files (x86)\Skype\Phone\;C:\Program Files\Git\cmd;C:\Users\Kweku Emuze\Downloads\eclipse-jee-mars-1-win32-x86_64\eclipse;
USERNAME=Kweku Emuze
OS=Windows_NT
PROCESSOR_IDENTIFIER=Intel64 Family 6 Model 76 Stepping 3, GenuineIntel



---------------  S Y S T E M  ---------------

OS: Windows 10.0 , 64 bit Build 10240 (10.0.10240.16384)

CPU:total 2 (2 cores per cpu, 1 threads per core) family 6 model 76 stepping 3, cmov, cx8, fxsr, mmx, sse, sse2, sse3, ssse3, sse4.1, sse4.2, popcnt, aes, clmul, erms, 3dnowpref, tsc, tscinvbit

Memory: 4k page, physical 2006700k(347928k free), swap 3342020k(3080k free)

vm_info: Java HotSpot(TM) 64-Bit Server VM (25.60-b23) for windows-amd64 JRE (1.8.0_60-b27), built on Aug  4 2015 11:06:27 by "java_re" with MS VC++ 10.0 (VS2010)

time: Tue May 10 11:52:34 2016
elapsed time: 11 seconds (0d 0h 0m 11s)

