#
# There is insufficient memory for the Java Runtime Environment to continue.
# Native memory allocation (malloc) failed to allocate 32744 bytes for ChunkPool::allocate
# Possible reasons:
#   The system is out of physical RAM or swap space
#   In 32 bit mode, the process size limit was hit
# Possible solutions:
#   Reduce memory load on the system
#   Increase physical memory or swap space
#   Check if swap backing store is full
#   Use 64 bit Java on a 64 bit OS
#   Decrease Java heap size (-Xmx/-Xms)
#   Decrease number of Java threads
#   Decrease Java thread stack sizes (-Xss)
#   Set larger code cache with -XX:ReservedCodeCacheSize=
# This output file may be truncated or incomplete.
#
#  Out of Memory Error (allocation.cpp:273), pid=3044, tid=7332
#
# JRE version: Java(TM) SE Runtime Environment (8.0_60-b27) (build 1.8.0_60-b27)
# Java VM: Java HotSpot(TM) 64-Bit Server VM (25.60-b23 mixed mode windows-amd64 compressed oops)
# Failed to write core dump. Minidumps are not enabled by default on client versions of Windows
#

---------------  T H R E A D  ---------------

Current thread (0x00000000138e1000):  JavaThread "C1 CompilerThread1" daemon [_thread_in_native, id=7332, stack(0x00000000149f0000,0x0000000014af0000)]

Stack: [0x00000000149f0000,0x0000000014af0000]
[error occurred during error reporting (printing stack bounds), id 0xc0000005]

Native frames: (J=compiled Java code, j=interpreted, Vv=VM code, C=native code)


Current CompileTask:
C1:   3104  147       3       Base::generateGameTree (427 bytes)


---------------  P R O C E S S  ---------------

Java Threads: ( => current thread )
  0x000000001394c000 JavaThread "Service Thread" daemon [_thread_blocked, id=7348, stack(0x0000000014af0000,0x0000000014bf0000)]
=>0x00000000138e1000 JavaThread "C1 CompilerThread1" daemon [_thread_in_native, id=7332, stack(0x00000000149f0000,0x0000000014af0000)]
  0x00000000138d9000 JavaThread "C2 CompilerThread0" daemon [_thread_in_native, id=8168, stack(0x00000000148f0000,0x00000000149f0000)]
  0x00000000138d7800 JavaThread "Attach Listener" daemon [_thread_blocked, id=8140, stack(0x00000000147f0000,0x00000000148f0000)]
  0x00000000138d4800 JavaThread "Signal Dispatcher" daemon [_thread_blocked, id=8620, stack(0x00000000146f0000,0x00000000147f0000)]
  0x0000000002712000 JavaThread "Finalizer" daemon [_thread_blocked, id=8160, stack(0x0000000014510000,0x0000000014610000)]
  0x000000000270b000 JavaThread "Reference Handler" daemon [_thread_blocked, id=3756, stack(0x0000000014410000,0x0000000014510000)]
  0x0000000002620800 JavaThread "main" [_thread_in_native, id=3468, stack(0x0000000002480000,0x0000000002580000)]

Other Threads:
  0x00000000138a7000 VMThread [stack: 0x0000000014310000,0x0000000014410000] [id=4692]
  0x0000000013953000 WatcherThread [stack: 0x0000000014bf0000,0x0000000014cf0000] [id=8416]

VM state:not at safepoint (normal execution)

VM Mutex/Monitor currently owned by a thread: None

Heap:
 PSYoungGen      total 9728K, used 2105K [0x00000000f5d00000, 0x00000000f6780000, 0x0000000100000000)
  eden space 8704K, 24% used [0x00000000f5d00000,0x00000000f5f0e558,0x00000000f6580000)
  from space 1024K, 0% used [0x00000000f6680000,0x00000000f6680000,0x00000000f6780000)
  to   space 1024K, 0% used [0x00000000f6580000,0x00000000f6580000,0x00000000f6680000)
 ParOldGen       total 22016K, used 0K [0x00000000e1600000, 0x00000000e2b80000, 0x00000000f5d00000)
  object space 22016K, 0% used [0x00000000e1600000,0x00000000e1600000,0x00000000e2b80000)
 Metaspace       used 3255K, capacity 4498K, committed 4864K, reserved 1056768K
  class space    used 377K, capacity 386K, committed 512K, reserved 1048576K

Card table byte_map: [0x0000000011b80000,0x0000000011c80000] byte_map_base: 0x0000000011475000

Marking Bits: (ParMarkBitMap*) 0x00000000765ba5b0
 Begin Bits: [0x0000000011f30000, 0x00000000126d8000)
 End Bits:   [0x00000000126d8000, 0x0000000012e80000)

Polling page: 0x0000000000a40000

CodeCache: size=245760Kb used=1342Kb max_used=1354Kb free=244417Kb
 bounds [0x00000000027c0000, 0x0000000002a30000, 0x00000000117c0000]
 total_blobs=383 nmethods=143 adapters=154
 compilation: enabled

Compilation events (10 events):
Event: 3.038 Thread 0x00000000138d9000  140  s    4       java.io.BufferedOutputStream::flush (12 bytes)
Event: 3.043 Thread 0x00000000138d9000 nmethod 140 0x000000000290d590 code [0x000000000290d6e0, 0x000000000290da68]
Event: 3.047 Thread 0x00000000138d9000  141       4       java.nio.Buffer::limit (62 bytes)
Event: 3.049 Thread 0x00000000138d9000 nmethod 141 0x000000000290d290 code [0x000000000290d3e0, 0x000000000290d4b8]
Event: 3.054 Thread 0x00000000138d9000  142       4       java.nio.Buffer::<init> (121 bytes)
Event: 3.058 Thread 0x00000000138d9000 nmethod 142 0x000000000290cd90 code [0x000000000290cee0, 0x000000000290d098]
Event: 3.064 Thread 0x00000000138d9000  143   !   4       java.io.BufferedWriter::write (117 bytes)
Event: 3.072 Thread 0x00000000138d9000 nmethod 143 0x0000000002911f90 code [0x00000000029120e0, 0x0000000002912738]
Event: 3.072 Thread 0x00000000138d9000  144   !   4       java.io.BufferedWriter::flushBuffer (53 bytes)
Event: 3.089 Thread 0x00000000138e1000  147       3       Base::generateGameTree (427 bytes)

GC Heap History (0 events):
No events

Deoptimization events (0 events):
No events

Internal exceptions (6 events):
Event: 0.208 Thread 0x0000000002620800 Exception <a 'java/lang/NoSuchMethodError': Method sun.misc.Unsafe.defineClass(Ljava/lang/String;[BII)Ljava/lang/Class; name or signature does not match> (0x00000000f5d0d238) thrown at [C:\re\workspace\8-2-build-windows-amd64-cygwin\jdk8u60\4407\hotspot\sr_£-#¡±Ê?
Event: 0.209 Thread 0x0000000002620800 Exception <a 'java/lang/NoSuchMethodError': Method sun.misc.Unsafe.prefetchRead(Ljava/lang/Object;J)V name or signature does not match> (0x00000000f5d0d520) thrown at [C:\re\workspace\8-2-build-windows-amd64-cygwin\jdk8u60\4407\hotspot\src\share\vm\prims\jè!RfE[Ü?
Event: 0.443 Thread 0x0000000002620800 Exception <a 'java/security/PrivilegedActionException'> (0x00000000f5de8ee0) thrown at [C:\re\workspace\8-2-build-windows-amd64-cygwin\jdk8u60\4407\hotspot\src\share\vm\prims\jvm.cpp, line 1386]
Event: 0.443 Thread 0x0000000002620800 Exception <a 'java/security/PrivilegedActionException'> (0x00000000f5de92d8) thrown at [C:\re\workspace\8-2-build-windows-amd64-cygwin\jdk8u60\4407\hotspot\src\share\vm\prims\jvm.cpp, line 1386]
Event: 0.450 Thread 0x0000000002620800 Exception <a 'java/security/PrivilegedActionException'> (0x00000000f5ded068) thrown at [C:\re\workspace\8-2-build-windows-amd64-cygwin\jdk8u60\4407\hotspot\src\share\vm\prims\jvm.cpp, line 1386]
Event: 0.450 Thread 0x0000000002620800 Exception <a 'java/security/PrivilegedActionException'> (0x00000000f5ded460) thrown at [C:\re\workspace\8-2-build-windows-amd64-cygwin\jdk8u60\4407\hotspot\src\share\vm\prims\jvm.cpp, line 1386]

Events (10 events):
Event: 0.487 loading class java/util/regex/Pattern$BranchConn
Event: 0.487 loading class java/util/regex/Pattern$BranchConn done
Event: 0.487 loading class java/util/regex/Pattern$Branch
Event: 0.487 loading class java/util/regex/Pattern$Branch done
Event: 0.488 loading class java/util/regex/Pattern$Single
Event: 0.488 loading class java/util/regex/Pattern$Single done
Event: 0.489 loading class java/util/regex/Pattern$Loop
Event: 0.489 loading class java/util/regex/Pattern$Loop done
Event: 0.490 loading class java/util/regex/Pattern$Prolog
Event: 0.490 loading class java/util/regex/Pattern$Prolog done


Dynamic libraries:
0x00007ff6030e0000 - 0x00007ff603117000 	C:\Program Files\Java\jre1.8.0_60\bin\javaw.exe
0x00007ffe658d0000 - 0x00007ffe65a92000 	C:\Windows\SYSTEM32\ntdll.dll
0x00007ffe63030000 - 0x00007ffe630dd000 	C:\Windows\system32\KERNEL32.DLL
0x00007ffe62bb0000 - 0x00007ffe62d8d000 	C:\Windows\system32\KERNELBASE.dll
0x00007ffe63cb0000 - 0x00007ffe63d56000 	C:\Windows\system32\ADVAPI32.dll
0x00007ffe654c0000 - 0x00007ffe6555d000 	C:\Windows\system32\msvcrt.dll
0x00007ffe630e0000 - 0x00007ffe6313b000 	C:\Windows\system32\sechost.dll
0x00007ffe65390000 - 0x00007ffe654b6000 	C:\Windows\system32\RPCRT4.dll
0x00007ffe65560000 - 0x00007ffe656ae000 	C:\Windows\system32\USER32.dll
0x00007ffe63260000 - 0x00007ffe633e6000 	C:\Windows\system32\GDI32.dll
0x00007ffe5ade0000 - 0x00007ffe5b054000 	C:\Windows\WinSxS\amd64_microsoft.windows.common-controls_6595b64144ccf1df_6.0.10240.16384_none_f41f7b285750ef43\COMCTL32.dll
0x00007ffe63220000 - 0x00007ffe63256000 	C:\Windows\system32\IMM32.DLL
0x00007ffe638c0000 - 0x00007ffe63a1c000 	C:\Windows\system32\MSCTF.dll
0x0000000077600000 - 0x00000000776d2000 	C:\Program Files\Java\jre1.8.0_60\bin\msvcr100.dll
0x0000000075db0000 - 0x0000000076639000 	C:\Program Files\Java\jre1.8.0_60\bin\server\jvm.dll
0x00007ffe65860000 - 0x00007ffe65868000 	C:\Windows\system32\PSAPI.DLL
0x00007ffe57780000 - 0x00007ffe57789000 	C:\Windows\SYSTEM32\WSOCK32.dll
0x00007ffe63820000 - 0x00007ffe63889000 	C:\Windows\system32\WS2_32.dll
0x00007ffe63ad0000 - 0x00007ffe63ad8000 	C:\Windows\system32\NSI.dll
0x00007ffe60020000 - 0x00007ffe60043000 	C:\Windows\SYSTEM32\WINMM.dll
0x00007ffe608c0000 - 0x00007ffe608ca000 	C:\Windows\SYSTEM32\VERSION.dll
0x00007ffe5ffc0000 - 0x00007ffe5ffec000 	C:\Windows\SYSTEM32\WINMMBASE.dll
0x00007ffe62b60000 - 0x00007ffe62ba4000 	C:\Windows\system32\cfgmgr32.dll
0x00007ffe61d60000 - 0x00007ffe61d87000 	C:\Windows\SYSTEM32\DEVOBJ.dll
0x0000000077e20000 - 0x0000000077e2f000 	C:\Program Files\Java\jre1.8.0_60\bin\verify.dll
0x0000000077770000 - 0x0000000077799000 	C:\Program Files\Java\jre1.8.0_60\bin\java.dll
0x0000000077750000 - 0x0000000077766000 	C:\Program Files\Java\jre1.8.0_60\bin\zip.dll
0x00007ffe63d60000 - 0x00007ffe652c8000 	C:\Windows\system32\SHELL32.dll
0x00007ffe62360000 - 0x00007ffe62988000 	C:\Windows\system32\windows.storage.dll
0x00007ffe635a0000 - 0x00007ffe6381c000 	C:\Windows\system32\combase.dll
0x00007ffe65870000 - 0x00007ffe658c1000 	C:\Windows\system32\shlwapi.dll
0x00007ffe62300000 - 0x00007ffe6230f000 	C:\Windows\system32\kernel.appcore.dll
0x00007ffe62aa0000 - 0x00007ffe62b53000 	C:\Windows\system32\shcore.dll
0x00007ffe62310000 - 0x00007ffe6235a000 	C:\Windows\system32\powrprof.dll
0x00007ffe622c0000 - 0x00007ffe622d3000 	C:\Windows\system32\profapi.dll
0x00007ffe652d0000 - 0x00007ffe6538e000 	C:\Windows\system32\OLEAUT32.dll

VM Arguments:
jvm_args: -Dfile.encoding=Cp1252 
java_command: Base
java_class_path (initial): C:\Users\Kweku Emuze\workspace\AI Project - Connect4\bin
Launcher Type: SUN_STANDARD

Environment Variables:
PATH=C:/Program Files/Java/jre1.8.0_60/bin/server;C:/Program Files/Java/jre1.8.0_60/bin;C:/Program Files/Java/jre1.8.0_60/lib/amd64;C:\ProgramData\Oracle\Java\javapath;C:\Program Files (x86)\Intel\TXE Components\TCS\;C:\Program Files\Intel\TXE Components\TCS\;C:\Windows\system32;C:\Windows;C:\Windows\System32\Wbem;C:\Windows\System32\WindowsPowerShell\v1.0\;C:\Program Files\Intel\TXE Components\DAL\;C:\Program Files (x86)\Intel\TXE Components\DAL\;C:\Program Files\Intel\TXE Components\IPT\;C:\Program Files (x86)\Intel\TXE Components\IPT\;C:\Program Files (x86)\Skype\Phone\;C:\Program Files\Git\cmd;C:\Users\Kweku Emuze\Downloads\eclipse-jee-mars-1-win32-x86_64\eclipse;
USERNAME=Kweku Emuze
OS=Windows_NT
PROCESSOR_IDENTIFIER=Intel64 Family 6 Model 76 Stepping 3, GenuineIntel



---------------  S Y S T E M  ---------------

OS: Windows 10.0 , 64 bit Build 10240 (10.0.10240.16384)

CPU:total 2 (2 cores per cpu, 1 threads per core) family 6 model 76 stepping 3, cmov, cx8, fxsr, mmx, sse, sse2, sse3, ssse3, sse4.1, sse4.2, popcnt, aes, clmul, erms, 3dnowpref, tsc, tscinvbit

Memory: 4k page, physical 2006700k(288140k free), swap 3344336k(3092k free)

vm_info: Java HotSpot(TM) 64-Bit Server VM (25.60-b23) for windows-amd64 JRE (1.8.0_60-b27), built on Aug  4 2015 11:06:27 by "java_re" with MS VC++ 10.0 (VS2010)

time: Tue May 10 10:54:56 2016
elapsed time: 3 seconds (0d 0h 0m 3s)

