#
# There is insufficient memory for the Java Runtime Environment to continue.
# Native memory allocation (malloc) failed to allocate 1619856 bytes for Chunk::new
# Possible reasons:
#   The system is out of physical RAM or swap space
#   In 32 bit mode, the process size limit was hit
# Possible solutions:
#   Reduce memory load on the system
#   Increase physical memory or swap space
#   Check if swap backing store is full
#   Use 64 bit Java on a 64 bit OS
#   Decrease Java heap size (-Xmx/-Xms)
#   Decrease number of Java threads
#   Decrease Java thread stack sizes (-Xss)
#   Set larger code cache with -XX:ReservedCodeCacheSize=
# This output file may be truncated or incomplete.
#
#  Out of Memory Error (allocation.cpp:390), pid=4240, tid=3888
#
# JRE version: Java(TM) SE Runtime Environment (8.0_60-b27) (build 1.8.0_60-b27)
# Java VM: Java HotSpot(TM) 64-Bit Server VM (25.60-b23 mixed mode windows-amd64 compressed oops)
# Failed to write core dump. Minidumps are not enabled by default on client versions of Windows
#

---------------  T H R E A D  ---------------

Current thread (0x0000000013c38800):  JavaThread "C2 CompilerThread0" daemon [_thread_in_native, id=3888, stack(0x0000000014c50000,0x0000000014d50000)]

Stack: [0x0000000014c50000,0x0000000014d50000]
[error occurred during error reporting (printing stack bounds), id 0xc0000005]

Native frames: (J=compiled Java code, j=interpreted, Vv=VM code, C=native code)


Current CompileTask:
C2:   5452  161       4       Base::generateGameTree (555 bytes)


---------------  P R O C E S S  ---------------

Java Threads: ( => current thread )
  0x0000000013cac000 JavaThread "Service Thread" daemon [_thread_blocked, id=2796, stack(0x0000000014e50000,0x0000000014f50000)]
  0x0000000013c40800 JavaThread "C1 CompilerThread1" daemon [_thread_blocked, id=8668, stack(0x0000000014d50000,0x0000000014e50000)]
=>0x0000000013c38800 JavaThread "C2 CompilerThread0" daemon [_thread_in_native, id=3888, stack(0x0000000014c50000,0x0000000014d50000)]
  0x0000000013c37000 JavaThread "Attach Listener" daemon [_thread_blocked, id=8924, stack(0x0000000014b50000,0x0000000014c50000)]
  0x0000000013c34000 JavaThread "Signal Dispatcher" daemon [_thread_blocked, id=8020, stack(0x0000000014a50000,0x0000000014b50000)]
  0x0000000002aa2000 JavaThread "Finalizer" daemon [_thread_blocked, id=8440, stack(0x0000000014870000,0x0000000014970000)]
  0x0000000002a9b000 JavaThread "Reference Handler" daemon [_thread_blocked, id=4880, stack(0x0000000014770000,0x0000000014870000)]
  0x00000000029b0800 JavaThread "main" [_thread_in_native, id=5080, stack(0x0000000001140000,0x0000000001240000)]

Other Threads:
  0x0000000013c07000 VMThread [stack: 0x0000000014670000,0x0000000014770000] [id=9072]
  0x0000000013cb1000 WatcherThread [stack: 0x0000000014f50000,0x0000000015050000] [id=3672]

VM state:not at safepoint (normal execution)

VM Mutex/Monitor currently owned by a thread: None

Heap:
 PSYoungGen      total 9728K, used 2453K [0x00000000f5d00000, 0x00000000f6780000, 0x0000000100000000)
  eden space 8704K, 28% used [0x00000000f5d00000,0x00000000f5f656b8,0x00000000f6580000)
  from space 1024K, 0% used [0x00000000f6680000,0x00000000f6680000,0x00000000f6780000)
  to   space 1024K, 0% used [0x00000000f6580000,0x00000000f6580000,0x00000000f6680000)
 ParOldGen       total 22016K, used 0K [0x00000000e1600000, 0x00000000e2b80000, 0x00000000f5d00000)
  object space 22016K, 0% used [0x00000000e1600000,0x00000000e1600000,0x00000000e2b80000)
 Metaspace       used 3363K, capacity 4562K, committed 4864K, reserved 1056768K
  class space    used 384K, capacity 386K, committed 512K, reserved 1048576K

Card table byte_map: [0x0000000011ee0000,0x0000000011fe0000] byte_map_base: 0x00000000117d5000

Marking Bits: (ParMarkBitMap*) 0x00000000765ba5b0
 Begin Bits: [0x0000000012290000, 0x0000000012a38000)
 End Bits:   [0x0000000012a38000, 0x00000000131e0000)

Polling page: 0x0000000001240000

CodeCache: size=245760Kb used=1465Kb max_used=1465Kb free=244294Kb
 bounds [0x0000000002b20000, 0x0000000002d90000, 0x0000000011b20000]
 total_blobs=417 nmethods=166 adapters=165
 compilation: enabled

Compilation events (10 events):
Event: 5.234 Thread 0x0000000013c40800  163       3       java.util.regex.Pattern::range (279 bytes)
Event: 5.242 Thread 0x0000000013c40800 nmethod 163 0x0000000002c8bf90 code [0x0000000002c8c400, 0x0000000002c8ea98]
Event: 5.243 Thread 0x0000000013c40800  164       3       java.util.regex.Pattern$BitClass::add (97 bytes)
Event: 5.244 Thread 0x0000000013c40800 nmethod 164 0x0000000002c8af10 code [0x0000000002c8b120, 0x0000000002c8ba98]
Event: 5.245 Thread 0x0000000013c40800  165       3       java.lang.String::startsWith (7 bytes)
Event: 5.245 Thread 0x0000000013c40800 nmethod 165 0x0000000002c87810 code [0x0000000002c87980, 0x0000000002c87b88]
Event: 5.245 Thread 0x0000000013c40800  166       3       java.util.regex.Pattern::bitsOrSingle (104 bytes)
Event: 5.246 Thread 0x0000000013c40800 nmethod 166 0x0000000002c8a490 code [0x0000000002c8a640, 0x0000000002c8adb8]
Event: 5.247 Thread 0x0000000013c40800  167       3       java.util.regex.Pattern$TreeInfo::reset (21 bytes)
Event: 5.247 Thread 0x0000000013c40800 nmethod 167 0x0000000002c874d0 code [0x0000000002c87620, 0x0000000002c87790]

GC Heap History (0 events):
No events

Deoptimization events (2 events):
Event: 5.157 Thread 0x00000000029b0800 Uncommon trap: reason=unstable_if action=reinterpret pc=0x0000000002c69dec method=Base.checkDiagonal([[SIII)Z @ 85
Event: 5.173 Thread 0x00000000029b0800 Uncommon trap: reason=unstable_if action=reinterpret pc=0x0000000002c603c8 method=Base.checkVertical([[SIII)Z @ 44

Internal exceptions (6 events):
Event: 0.146 Thread 0x00000000029b0800 Exception <a 'java/lang/NoSuchMethodError': Method sun.misc.Unsafe.defineClass(Ljava/lang/String;[BII)Ljava/lang/Class; name or signature does not match> (0x00000000f5d0d440) thrown at [C:\re\workspace\8-2-build-windows-amd64-cygwin\jdk8u60\4407\hotspot\sr„^o°Â?
Event: 0.146 Thread 0x00000000029b0800 Exception <a 'java/lang/NoSuchMethodError': Method sun.misc.Unsafe.prefetchRead(Ljava/lang/Object;J)V name or signature does not match> (0x00000000f5d0d728) thrown at [C:\re\workspace\8-2-build-windows-amd64-cygwin\jdk8u60\4407\hotspot\src\share\vm\prims\j ?0,ˆ¸Ù?
Event: 0.402 Thread 0x00000000029b0800 Exception <a 'java/security/PrivilegedActionException'> (0x00000000f5de8f00) thrown at [C:\re\workspace\8-2-build-windows-amd64-cygwin\jdk8u60\4407\hotspot\src\share\vm\prims\jvm.cpp, line 1386]
Event: 0.402 Thread 0x00000000029b0800 Exception <a 'java/security/PrivilegedActionException'> (0x00000000f5de92f8) thrown at [C:\re\workspace\8-2-build-windows-amd64-cygwin\jdk8u60\4407\hotspot\src\share\vm\prims\jvm.cpp, line 1386]
Event: 0.410 Thread 0x00000000029b0800 Exception <a 'java/security/PrivilegedActionException'> (0x00000000f5ded088) thrown at [C:\re\workspace\8-2-build-windows-amd64-cygwin\jdk8u60\4407\hotspot\src\share\vm\prims\jvm.cpp, line 1386]
Event: 0.410 Thread 0x00000000029b0800 Exception <a 'java/security/PrivilegedActionException'> (0x00000000f5ded480) thrown at [C:\re\workspace\8-2-build-windows-amd64-cygwin\jdk8u60\4407\hotspot\src\share\vm\prims\jvm.cpp, line 1386]

Events (10 events):
Event: 3.438 loading class java/util/concurrent/atomic/AtomicLong
Event: 3.438 loading class java/util/concurrent/atomic/AtomicLong done
Event: 4.319 Executing VM operation: EnableBiasedLocking
Event: 4.320 Executing VM operation: EnableBiasedLocking done
Event: 5.157 Thread 0x00000000029b0800 Uncommon trap: trap_request=0xffffff65 fr.pc=0x0000000002c69dec
Event: 5.157 Thread 0x00000000029b0800 DEOPT PACKING pc=0x0000000002c69dec sp=0x000000000123ebe0
Event: 5.157 Thread 0x00000000029b0800 DEOPT UNPACKING pc=0x0000000002b6582a sp=0x000000000123eb78 mode 2
Event: 5.173 Thread 0x00000000029b0800 Uncommon trap: trap_request=0xffffff65 fr.pc=0x0000000002c603c8
Event: 5.173 Thread 0x00000000029b0800 DEOPT PACKING pc=0x0000000002c603c8 sp=0x000000000123ebf0
Event: 5.173 Thread 0x00000000029b0800 DEOPT UNPACKING pc=0x0000000002b6582a sp=0x000000000123eb70 mode 2


Dynamic libraries:
0x00007ff7ec2d0000 - 0x00007ff7ec307000 	C:\Program Files\Java\jre1.8.0_60\bin\javaw.exe
0x00007ffe658d0000 - 0x00007ffe65a92000 	C:\Windows\SYSTEM32\ntdll.dll
0x00007ffe63030000 - 0x00007ffe630dd000 	C:\Windows\system32\KERNEL32.DLL
0x00007ffe62bb0000 - 0x00007ffe62d8d000 	C:\Windows\system32\KERNELBASE.dll
0x00007ffe63cb0000 - 0x00007ffe63d56000 	C:\Windows\system32\ADVAPI32.dll
0x00007ffe654c0000 - 0x00007ffe6555d000 	C:\Windows\system32\msvcrt.dll
0x00007ffe630e0000 - 0x00007ffe6313b000 	C:\Windows\system32\sechost.dll
0x00007ffe65390000 - 0x00007ffe654b6000 	C:\Windows\system32\RPCRT4.dll
0x00007ffe65560000 - 0x00007ffe656ae000 	C:\Windows\system32\USER32.dll
0x00007ffe63260000 - 0x00007ffe633e6000 	C:\Windows\system32\GDI32.dll
0x00007ffe5ade0000 - 0x00007ffe5b054000 	C:\Windows\WinSxS\amd64_microsoft.windows.common-controls_6595b64144ccf1df_6.0.10240.16384_none_f41f7b285750ef43\COMCTL32.dll
0x00007ffe63220000 - 0x00007ffe63256000 	C:\Windows\system32\IMM32.DLL
0x00007ffe638c0000 - 0x00007ffe63a1c000 	C:\Windows\system32\MSCTF.dll
0x0000000077600000 - 0x00000000776d2000 	C:\Program Files\Java\jre1.8.0_60\bin\msvcr100.dll
0x0000000075db0000 - 0x0000000076639000 	C:\Program Files\Java\jre1.8.0_60\bin\server\jvm.dll
0x00007ffe65860000 - 0x00007ffe65868000 	C:\Windows\system32\PSAPI.DLL
0x00007ffe57780000 - 0x00007ffe57789000 	C:\Windows\SYSTEM32\WSOCK32.dll
0x00007ffe63820000 - 0x00007ffe63889000 	C:\Windows\system32\WS2_32.dll
0x00007ffe63ad0000 - 0x00007ffe63ad8000 	C:\Windows\system32\NSI.dll
0x00007ffe60020000 - 0x00007ffe60043000 	C:\Windows\SYSTEM32\WINMM.dll
0x00007ffe608c0000 - 0x00007ffe608ca000 	C:\Windows\SYSTEM32\VERSION.dll
0x00007ffe5ffc0000 - 0x00007ffe5ffec000 	C:\Windows\SYSTEM32\WINMMBASE.dll
0x00007ffe62b60000 - 0x00007ffe62ba4000 	C:\Windows\system32\cfgmgr32.dll
0x00007ffe61d60000 - 0x00007ffe61d87000 	C:\Windows\SYSTEM32\DEVOBJ.dll
0x0000000077e20000 - 0x0000000077e2f000 	C:\Program Files\Java\jre1.8.0_60\bin\verify.dll
0x0000000077770000 - 0x0000000077799000 	C:\Program Files\Java\jre1.8.0_60\bin\java.dll
0x0000000077750000 - 0x0000000077766000 	C:\Program Files\Java\jre1.8.0_60\bin\zip.dll
0x00007ffe63d60000 - 0x00007ffe652c8000 	C:\Windows\system32\SHELL32.dll
0x00007ffe62360000 - 0x00007ffe62988000 	C:\Windows\system32\windows.storage.dll
0x00007ffe635a0000 - 0x00007ffe6381c000 	C:\Windows\system32\combase.dll
0x00007ffe65870000 - 0x00007ffe658c1000 	C:\Windows\system32\shlwapi.dll
0x00007ffe62300000 - 0x00007ffe6230f000 	C:\Windows\system32\kernel.appcore.dll
0x00007ffe62aa0000 - 0x00007ffe62b53000 	C:\Windows\system32\shcore.dll
0x00007ffe62310000 - 0x00007ffe6235a000 	C:\Windows\system32\powrprof.dll
0x00007ffe622c0000 - 0x00007ffe622d3000 	C:\Windows\system32\profapi.dll
0x00007ffe652d0000 - 0x00007ffe6538e000 	C:\Windows\system32\OLEAUT32.dll

VM Arguments:
jvm_args: -Dfile.encoding=Cp1252 
java_command: Base
java_class_path (initial): C:\Users\Kweku Emuze\workspace\AI Project - Connect4\bin
Launcher Type: SUN_STANDARD

Environment Variables:
PATH=C:/Program Files/Java/jre1.8.0_60/bin/server;C:/Program Files/Java/jre1.8.0_60/bin;C:/Program Files/Java/jre1.8.0_60/lib/amd64;C:\ProgramData\Oracle\Java\javapath;C:\Program Files (x86)\Intel\TXE Components\TCS\;C:\Program Files\Intel\TXE Components\TCS\;C:\Windows\system32;C:\Windows;C:\Windows\System32\Wbem;C:\Windows\System32\WindowsPowerShell\v1.0\;C:\Program Files\Intel\TXE Components\DAL\;C:\Program Files (x86)\Intel\TXE Components\DAL\;C:\Program Files\Intel\TXE Components\IPT\;C:\Program Files (x86)\Intel\TXE Components\IPT\;C:\Program Files (x86)\Skype\Phone\;C:\Program Files\Git\cmd;C:\Users\Kweku Emuze\Downloads\eclipse-jee-mars-1-win32-x86_64\eclipse;
USERNAME=Kweku Emuze
OS=Windows_NT
PROCESSOR_IDENTIFIER=Intel64 Family 6 Model 76 Stepping 3, GenuineIntel



---------------  S Y S T E M  ---------------

OS: Windows 10.0 , 64 bit Build 10240 (10.0.10240.16384)

CPU:total 2 (2 cores per cpu, 1 threads per core) family 6 model 76 stepping 3, cmov, cx8, fxsr, mmx, sse, sse2, sse3, ssse3, sse4.1, sse4.2, popcnt, aes, clmul, erms, 3dnowpref, tsc, tscinvbit

Memory: 4k page, physical 2006700k(271616k free), swap 3338964k(6596k free)

vm_info: Java HotSpot(TM) 64-Bit Server VM (25.60-b23) for windows-amd64 JRE (1.8.0_60-b27), built on Aug  4 2015 11:06:27 by "java_re" with MS VC++ 10.0 (VS2010)

time: Tue May 10 12:28:30 2016
elapsed time: 5 seconds (0d 0h 0m 5s)

